2714
107
13
11
4
1
28
5
21
33
38
48
19
7
17
3
16
34
39
29
41
77
25
9
22
23
98
56
87
62
14
43
106
50
35
70
100
74
78
24
89
60
75
42
45
81
90
83
63
103
73
92
212
89
3
16
34
5
21
203
38
208
17
4
167
9
22
181
28
120
50
29
39
19
7
106
14
13
11
45
81
90
24
125
25
77
41
98
140
23
48
43
110
139
87
211
70
154
35
75
60
197
83
111
92
113
63
103
141
122
187
148
121
201
136
166
179
194
209
62
127
174
33
149
196
100
74
78
42
56
189
178
142
202
109
73
135
107
112
132
176
145
177
159
193
205
164
170
184
186
192
210
303
109
251
11
298
19
4
167
9
22
181
254
196
100
74
14
13
23
28
120
50
29
39
34
275
70
154
25
77
38
203
21
5
35
75
60
197
81
17
7
286
78
87
211
287
113
24
125
89
300
42
276
103
294
141
122
43
48
110
139
111
83
45
209
62
16
73
135
208
41
98
140
63
148
245
210
219
278
127
217
90
92
260
145
247
255
176
132
112
177
292
192
178
279
174
121
201
136
166
296
283
106
149
33
56
189
193
159
230
233
239
202
142
107
212
179
194
267
187
184
228
281
164
170
268
240
216
186
299
205
213
222
220
225
229
232
235
241
302
258
261
277
301
272
265
274
282
284
293
396
5
21
203
38
208
16
34
275
70
154
11
298
19
391
241
329
347
98
140
23
370
159
24
125
387
17
7
286
78
74
100
196
247
255
25
77
41
29
39
81
364
179
194
22
9
60
197
83
45
14
13
92
260
145
279
178
63
87
211
287
113
90
314
272
301
166
296
43
48
110
139
109
251
28
120
50
35
358
233
141
103
294
186
276
42
284
127
217
75
89
300
393
225
56
189
192
148
245
210
219
278
299
167
62
209
149
33
348
73
135
323
193
205
374
228
281
106
202
142
328
302
367
177
112
111
201
121
136
181
254
277
361
176
132
311
164
107
212
174
240
216
305
261
282
187
122
170
268
292
213
222
184
220
319
258
351
357
312
283
230
381
235
352
317
229
232
313
239
389
325
309
274
377
346
378
320
267
303
334
356
354
332
315
265
293
308
316
326
333
340
349
342
360
362
369
379
380
504
166
296
479
50
29
39
19
298
11
13
485
22
9
60
197
34
275
70
154
483
109
251
23
370
159
21
203
38
208
16
62
87
211
287
113
24
125
387
17
7
286
78
442
92
260
145
247
255
25
77
41
433
28
120
63
103
294
141
122
43
14
45
81
450
228
281
56
98
140
111
423
277
254
181
136
89
300
393
225
179
194
467
48
110
139
112
74
100
196
436
189
90
314
272
301
488
83
148
245
210
406
446
106
149
33
348
439
170
35
358
233
230
497
107
212
174
121
201
202
468
216
178
279
176
132
276
42
284
127
217
75
142
328
302
367
177
292
192
299
167
209
349
187
184
73
135
323
193
205
374
241
329
347
222
480
213
332
416
240
268
435
232
229
317
352
186
430
333
219
278
357
312
283
261
472
313
239
389
325
309
274
377
346
378
320
267
457
463
164
311
316
334
356
305
400
293
489
220
319
258
351
491
411
360
473
364
362
342
425
265
448
396
235
381
308
282
303
379
404
421
493
315
502
326
429
462
340
500
440
412
354
361
453
369
486
380
391
397
420
451
431
441
456
460
477
499
606
13
485
596
567
23
370
159
21
203
38
208
16
34
275
70
154
483
109
251
11
298
19
391
241
329
347
98
140
62
576
229
14
43
48
110
139
550
125
24
260
92
514
222
480
604
28
120
50
479
296
166
504
22
9
60
197
29
39
81
450
228
87
211
287
113
516
265
35
358
233
25
602
41
433
605
106
90
314
272
301
488
78
286
103
294
141
122
187
75
89
300
393
225
179
194
467
17
387
332
416
189
56
281
100
74
112
111
423
277
254
181
546
149
532
499
145
247
255
127
217
83
45
209
63
505
302
367
177
292
148
245
210
406
446
136
121
201
174
212
107
258
167
299
186
276
42
284
196
436
584
412
320
170
268
435
202
468
216
560
213
77
205
193
309
536
497
230
73
135
323
305
261
472
313
531
559
477
33
348
439
267
457
463
164
176
132
311
283
303
282
404
142
178
279
184
515
364
473
360
325
352
235
519
232
317
357
278
219
333
430
507
220
319
349
340
500
326
429
334
356
354
509
557
315
502
381
308
192
411
396
361
425
342
362
440
389
239
442
420
240
453
274
377
346
378
451
328
593
400
293
489
549
431
508
539
506
594
441
312
421
493
551
462
575
574
530
380
316
351
491
369
486
374
520
588
397
379
448
533
460
456
526
554
538
570
540
555
541
556
591
561
565
569
597
592
712
241
329
347
98
140
11
298
19
391
23
567
596
251
109
275
34
314
90
24
125
387
17
81
450
228
87
211
38
203
21
33
149
532
499
25
602
28
120
638
325
644
309
536
497
230
606
13
485
22
181
254
196
436
584
412
56
189
50
479
296
166
504
14
43
48
688
92
260
145
247
255
113
287
70
154
483
74
100
77
41
433
605
516
265
35
358
233
60
197
654
460
103
286
78
442
29
39
135
16
62
576
229
45
83
111
423
277
361
176
614
127
217
550
139
110
187
75
616
73
208
645
569
178
279
704
174
121
201
136
89
300
393
225
179
194
467
184
515
164
311
132
112
177
292
648
509
557
707
462
193
159
370
404
546
141
122
508
210
245
148
411
42
276
186
294
299
167
209
63
505
302
367
192
561
272
301
488
107
212
315
332
416
240
216
468
202
106
220
319
258
348
439
170
268
435
677
364
473
360
334
356
305
261
472
313
531
559
477
446
406
451
213
222
514
441
232
317
352
235
519
379
303
267
457
463
219
278
357
312
283
281
239
389
349
340
284
316
621
381
308
641
293
400
274
377
346
378
320
326
429
333
430
507
142
328
671
655
374
205
520
500
647
440
362
342
425
502
623
397
588
396
448
533
421
323
489
549
431
556
351
491
626
629
554
369
486
682
594
420
575
574
530
380
663
480
604
526
456
282
611
540
555
539
354
453
702
551
493
687
669
692
506
538
570
656
678
693
679
592
541
560
658
652
610
646
680
613
565
649
591
627
593
597
650
667
691
639
706
640
642
672
708
690
694
802
139
550
125
24
260
92
514
222
480
109
251
567
23
370
159
21
203
38
208
645
35
358
233
25
602
28
120
638
325
644
309
536
34
275
70
154
483
74
100
196
436
584
412
56
19
298
216
468
202
728
254
181
22
775
441
29
39
81
450
228
87
211
287
113
516
265
799
167
62
576
229
14
13
606
230
497
17
387
332
416
596
485
745
451
406
210
245
148
411
42
276
103
286
78
442
50
479
296
166
504
329
241
391
127
217
60
197
654
460
784
219
278
189
724
201
121
136
43
48
688
258
107
212
89
300
393
225
179
194
467
184
755
616
75
142
178
279
145
768
83
45
209
777
63
505
302
367
141
122
187
110
293
261
472
313
531
559
477
33
149
532
499
723
627
176
614
132
112
111
423
756
205
77
41
433
605
98
140
308
272
301
488
736
316
283
732
565
192
292
648
509
557
707
462
174
704
90
314
16
73
743
364
473
360
277
361
778
340
284
334
356
255
247
671
328
281
106
746
170
268
435
677
164
311
319
220
507
430
333
320
193
323
135
177
312
357
317
232
377
274
400
305
421
347
235
519
352
761
267
457
463
727
613
349
374
425
342
362
404
546
213
560
771
396
294
186
299
240
389
239
561
647
500
326
348
439
530
380
663
604
713
526
456
282
303
379
493
551
541
381
397
623
502
315
446
440
719
538
508
539
354
718
640
652
610
520
588
549
431
712
594
378
346
540
555
574
575
420
351
491
626
629
489
641
554
369
486
682
448
533
742
556
591
791
429
506
725
593
453
702
570
656
621
678
747
693
679
592
611
741
649
655
776
515
569
597
650
667
658
672
708
729
690
779
680
642
639
706
733
730
646
766
669
687
692
739
691
787
792
722
694
754
734
738
786
748
757
764
767
772
780
785
790
895
35
358
233
25
602
28
120
638
325
644
309
536
34
275
70
154
483
109
820
181
22
775
441
29
39
19
298
216
468
202
728
254
196
436
584
412
56
87
211
38
203
21
860
83
45
14
43
48
688
92
260
24
125
387
17
81
450
228
281
60
197
654
460
784
23
567
596
251
663
480
222
514
869
16
62
576
229
89
300
393
225
179
194
467
815
41
433
605
516
113
287
606
230
497
63
505
302
367
50
479
296
166
504
329
241
391
127
217
550
139
802
149
532
499
723
627
849
74
100
826
493
551
348
439
103
286
78
442
141
122
187
75
616
755
184
178
279
145
768
111
423
756
110
293
261
472
313
531
559
477
33
361
277
778
332
416
888
702
648
292
112
132
176
614
135
73
743
364
473
360
201
121
136
98
140
308
159
370
404
546
213
77
205
193
189
724
887
629
626
893
347
142
328
671
247
255
855
148
245
210
406
446
106
746
170
268
435
677
164
311
276
42
284
283
732
565
192
299
167
799
265
823
844
320
267
457
463
727
613
209
777
812
729
421
305
323
488
301
272
314
90
274
377
232
317
352
761
235
519
379
303
282
456
174
704
570
315
212
107
258
319
220
745
451
803
312
177
485
186
294
378
346
540
549
431
712
594
830
502
623
397
349
340
500
647
561
509
557
707
462
219
278
357
351
491
333
430
507
334
356
354
539
508
574
807
400
530
380
687
326
429
506
725
342
362
425
374
520
867
767
369
486
682
396
411
448
389
239
679
819
381
848
597
526
240
420
575
641
489
649
655
776
316
736
730
621
656
588
645
208
852
878
829
804
669
865
706
836
453
754
533
742
556
591
771
560
554
611
741
764
713
604
693
678
747
440
719
538
640
652
610
646
680
555
541
880
639
515
569
650
667
658
672
708
886
811
843
822
592
842
790
690
779
739
692
772
733
839
786
738
593
642
863
757
791
850
718
691
787
792
722
694
854
734
748
766
831
874
845
851
859
780
785
809
821
877
890
827
864
870
875
889
998
761
22
775
441
29
39
19
298
216
468
202
728
254
181
546
149
532
499
723
627
203
21
860
83
45
81
450
228
87
211
38
208
645
35
358
233
25
602
28
120
638
325
644
309
536
34
275
70
154
483
109
820
677
196
436
584
412
56
98
140
23
567
596
251
663
480
222
514
92
260
24
125
951
570
241
329
347
893
626
629
812
729
746
106
16
62
576
229
89
300
393
225
179
194
467
815
964
605
41
433
77
100
74
78
286
103
294
50
479
296
166
504
732
283
90
314
272
301
488
736
316
889
923
323
135
73
743
364
473
360
201
121
136
17
387
332
416
888
702
348
439
63
505
302
367
997
588
142
75
616
755
184
178
279
145
768
111
423
756
899
239
60
197
654
460
784
159
370
404
141
994
193
189
724
887
559
477
33
361
277
778
340
107
113
287
606
230
497
139
550
187
110
43
48
688
258
167
799
265
516
268
435
217
127
174
704
247
255
855
122
508
210
245
148
411
42
276
132
112
177
292
648
509
557
707
462
219
278
299
186
352
235
519
209
777
267
457
463
727
613
212
315
446
406
451
745
220
319
261
472
313
531
232
317
357
312
803
485
921
809
205
374
349
281
320
913
170
421
305
356
334
506
176
614
284
342
362
425
377
274
400
293
489
507
430
333
429
326
311
164
515
569
526
939
303
282
456
240
389
379
493
551
936
678
747
213
442
420
575
802
831
328
671
776
346
378
594
712
431
533
742
539
354
561
647
500
906
554
369
486
682
396
448
771
560
351
491
669
865
549
391
908
950
397
623
502
830
574
807
440
719
962
453
754
926
592
540
555
381
848
597
641
992
650
924
538
640
652
530
380
687
611
741
649
565
192
642
680
646
610
520
867
767
823
844
667
658
672
708
886
679
819
791
591
556
733
706
836
621
656
693
604
713
764
821
655
933
691
787
725
907
739
692
772
779
963
804
827
722
978
864
786
738
896
718
850
877
890
541
942
944
730
308
593
969
790
690
878
829
880
922
792
859
849
639
986
842
954
972
811
843
822
975
766
826
914
959
694
854
734
852
839
948
987
925
935
757
845
851
748
780
955
785
863
917
874
875
966
983
869
931
905
870
970
938
895
900
971
976
989
